<?xml version="1.0" encoding="UTF-8"?>
<!-- Generated by org.testng.reporters.JUnitXMLReporter -->
<testsuite ignored="0" hostname="DESKTOP-HA9J99N" failures="0" tests="5" name="Default test" time="0.45" errors="0" timestamp="29 Jan 2024 17:54:07 GMT">
  <testcase classname="com.selenium.Testng" name="methot6" time="0.046"/>
  <testcase classname="com.selenium.Testng" name="methot3" time="0.004"/>
  <testcase classname="com.selenium.Testng" name="methot0" time="0.02"/>
  <testcase classname="com.selenium.Testng" name="methot" time="0.007"/>
  <testcase classname="com.selenium.Testng" name="methot2" time="0.018"/>
</testsuite> <!-- Default test -->
