<?xml version="1.0" encoding="UTF-8"?>
<testng-results ignored="0" total="5" passed="5" failed="0" skipped="0">
  <reporter-output>
  </reporter-output>
  <suite started-at="2024-01-29T17:54:06Z" name="Default suite" finished-at="2024-01-29T17:54:06Z" duration-ms="450">
    <groups>
    </groups>
    <test started-at="2024-01-29T17:54:06Z" name="Default test" finished-at="2024-01-29T17:54:06Z" duration-ms="450">
      <class name="com.selenium.Testng">
        <test-method signature="methot6()[pri:-5, instance:com.selenium.Testng@54504ecd]" started-at="2024-01-29T17:54:06Z" name="methot6" finished-at="2024-01-29T17:54:06Z" duration-ms="46" status="PASS">
          <reporter-output>
          </reporter-output>
        </test-method> <!-- methot6 -->
        <test-method signature="methot3()[pri:-1, instance:com.selenium.Testng@54504ecd]" started-at="2024-01-29T17:54:06Z" name="methot3" finished-at="2024-01-29T17:54:06Z" duration-ms="4" status="PASS">
          <reporter-output>
          </reporter-output>
        </test-method> <!-- methot3 -->
        <test-method signature="methot0()[pri:0, instance:com.selenium.Testng@54504ecd]" started-at="2024-01-29T17:54:06Z" name="methot0" finished-at="2024-01-29T17:54:06Z" duration-ms="20" status="PASS">
          <reporter-output>
          </reporter-output>
        </test-method> <!-- methot0 -->
        <test-method signature="methot()[pri:1, instance:com.selenium.Testng@54504ecd]" started-at="2024-01-29T17:54:06Z" name="methot" finished-at="2024-01-29T17:54:06Z" duration-ms="7" status="PASS">
          <reporter-output>
          </reporter-output>
        </test-method> <!-- methot -->
        <test-method signature="methot2()[pri:10, instance:com.selenium.Testng@54504ecd]" started-at="2024-01-29T17:54:06Z" name="methot2" finished-at="2024-01-29T17:54:06Z" duration-ms="18" status="PASS">
          <reporter-output>
          </reporter-output>
        </test-method> <!-- methot2 -->
      </class> <!-- com.selenium.Testng -->
    </test> <!-- Default test -->
  </suite> <!-- Default suite -->
</testng-results>
